错误代码:1120 当前Hsql数据库已被另一线程锁定
com.fr.third.org.hsqldb.HsqlException: The database is already in use by another process: lockFile: com.fr.third.org.hsqldb.persist.LockFile@ff037fdd[file =C:\Program Files\apache-tomcat-6.0.37\webapps\xinjuReport\WEB-INF\finedb\db.lck, exists=true, locked=false, valid=false, ] method: checkHeartbeat read: 2016-05-05 22:39:43.401 heartbeat - read: -7562 ms.
	at com.fr.third.org.hsqldb.Trace.error(Trace.java:505)
	at com.fr.third.org.hsqldb.persist.LockFile.newLockFileLock(LockFile.java:642)
	at com.fr.third.org.hsqldb.persist.Logger.acquireLock(Logger.java:440)
	at com.fr.third.org.hsqldb.persist.Logger.openLog(Logger.java:118)
	at com.fr.third.org.hsqldb.Database.reopen(Database.java:309)
	at com.fr.third.org.hsqldb.Database.open(Database.java:268)
	at com.fr.third.org.hsqldb.DatabaseManager.getDatabase(DatabaseManager.java:226)
	at com.fr.third.org.hsqldb.DatabaseManager.newSession(DatabaseManager.java:148)
	at com.fr.third.org.hsqldb.jdbc.jdbcConnection.<init>(jdbcConnection.java:2412)
	at com.fr.third.org.hsqldb.jdbcDriver.getConnection(jdbcDriver.java:183)
	at com.fr.third.org.hsqldb.jdbcDriver.connect(jdbcDriver.java:161)
	at java.sql.DriverManager.getConnection(Unknown Source)
	at java.sql.DriverManager.getConnection(Unknown Source)
	at com.fr.data.pool.MemoryConnection.getDefaultValidationQuery(Unknown Source)
	at com.fr.data.pool.MemoryConnection.getDataSource(Unknown Source)
	at com.fr.data.pool.MemoryConnection.create(Unknown Source)
	at com.fr.data.impl.JDBCDatabaseConnection.createConnection(Unknown Source)
	at com.fr.data.core.db.DBUtils.getEmbeddedDB(Unknown Source)
	at com.fr.data.core.db.DBUtils.getEmbeddedDB(Unknown Source)
	at com.fr.web.core.db.FineDB.refreshDB(Unknown Source)
	at com.fr.web.core.db.FineDB.getDB(Unknown Source)
	at com.fr.web.core.db.PlatformDB.refreshDB(Unknown Source)
	at com.fr.web.core.db.PlatformDB.getDB(Unknown Source)
	at com.fr.schedule.SchedulePlate.waitForRun(Unknown Source)
	at com.fr.data.load.LazyExecutionManager.addJob(Unknown Source)
	at com.fr.data.load.LazyExecutionManager.addJob(Unknown Source)
	at com.fr.fs.AbstractFSPlate.initData(Unknown Source)
	at com.fr.schedule.SchedulePlate.initData(Unknown Source)
	at com.fr.fs.PlateFactory.startPlate(Unknown Source)
	at com.fr.fs.FSModule.startPlate(Unknown Source)
	at com.fr.fs.FSModule.init(Unknown Source)
	at com.fr.fs.FSModule.startFinish(Unknown Source)
	at com.fr.report.module.EngineModule.start(Unknown Source)
	at com.fr.general.ModuleContext.startModule(Unknown Source)
	at com.fr.web.BaseServlet.init(Unknown Source)
	at org.mortbay.jetty.servlet.ServletHolder.initServlet(ServletHolder.java:383)
	at org.mortbay.jetty.servlet.ServletHolder.start(ServletHolder.java:243)
	at org.mortbay.jetty.servlet.ServletHandler.initializeServlets(ServletHandler.java:446)
	at org.mortbay.jetty.servlet.WebApplicationHandler.initializeServlets(WebApplicationHandler.java:321)
	at org.mortbay.jetty.servlet.WebApplicationContext.doStart(WebApplicationContext.java:509)
	at org.mortbay.util.Container.start(Container.java:72)
	at com.fr.start.server.JettyHost.addAndStartWebApplication(Unknown Source)
	at com.fr.start.server.JettyHost.addAndStartLocalEnvHomeWebApp(Unknown Source)
	at com.fr.start.StartServer.browerURLWithLocalEnv(Unknown Source)
	at com.fr.design.utils.DesignUtils.visitEnvServerByParameters(Unknown Source)
	at com.fr.design.actions.file.WebPreviewUtils.browseUrl(Unknown Source)
	at com.fr.design.actions.file.WebPreviewUtils.actionPerformed(Unknown Source)
	at com.fr.design.mainframe.JWorkBook.previewMenuActionPerformed(Unknown Source)
	at com.fr.design.fun.impl.AbstractPreviewProvider.onClick(Unknown Source)
	at com.fr.design.mainframe.JWorkBook$3.actionPerformed(Unknown Source)
	at javax.swing.AbstractButton.fireActionPerformed(Unknown Source)
	at javax.swing.AbstractButton$Handler.actionPerformed(Unknown Source)
	at javax.swing.DefaultButtonModel.fireActionPerformed(Unknown Source)
	at javax.swing.DefaultButtonModel.setPressed(Unknown Source)
	at javax.swing.AbstractButton.doClick(Unknown Source)
	at javax.swing.plaf.basic.BasicMenuItemUI.doClick(Unknown Source)
	at javax.swing.plaf.basic.BasicMenuItemUI$Handler.mouseReleased(Unknown Source)
	at java.awt.Component.processMouseEvent(Unknown Source)
	at javax.swing.JComponent.processMouseEvent(Unknown Source)
	at java.awt.Component.processEvent(Unknown Source)
	at java.awt.Container.processEvent(Unknown Source)
	at java.awt.Component.dispatchEventImpl(Unknown Source)
	at java.awt.Container.dispatchEventImpl(Unknown Source)
	at java.awt.Component.dispatchEvent(Unknown Source)
	at java.awt.LightweightDispatcher.retargetMouseEvent(Unknown Source)
	at java.awt.LightweightDispatcher.processMouseEvent(Unknown Source)
	at java.awt.LightweightDispatcher.dispatchEvent(Unknown Source)
	at java.awt.Container.dispatchEventImpl(Unknown Source)
	at java.awt.Window.dispatchEventImpl(Unknown Source)
	at java.awt.Component.dispatchEvent(Unknown Source)
	at java.awt.EventQueue.dispatchEventImpl(Unknown Source)
	at java.awt.EventQueue.access$500(Unknown Source)
	at java.awt.EventQueue$3.run(Unknown Source)
	at java.awt.EventQueue$3.run(Unknown Source)
	at java.security.AccessController.doPrivileged(Native Method)
	at java.security.ProtectionDomain$1.doIntersectionPrivilege(Unknown Source)
	at java.security.ProtectionDomain$1.doIntersectionPrivilege(Unknown Source)
	at java.awt.EventQueue$4.run(Unknown Source)
	at java.awt.EventQueue$4.run(Unknown Source)
	at java.security.AccessController.doPrivileged(Native Method)
	at java.security.ProtectionDomain$1.doIntersectionPrivilege(Unknown Source)
	at java.awt.EventQueue.dispatchEvent(Unknown Source)
	at java.awt.EventDispatchThread.pumpOneEventForFilters(Unknown Source)
	at java.awt.EventDispatchThread.pumpEventsForFilter(Unknown Source)
	at java.awt.EventDispatchThread.pumpEventsForHierarchy(Unknown Source)
	at java.awt.EventDispatchThread.pumpEvents(Unknown Source)
	at java.awt.EventDispatchThread.pumpEvents(Unknown Source)
	at java.awt.EventDispatchThread.run(Unknown Source)
Exception in thread "Thread-6" java.lang.NullPointerException
	at com.fr.general.http.HttpClient.getResponseCode(Unknown Source)
	at com.fr.general.http.HttpClient.getResponseCodeNoException(Unknown Source)
	at com.fr.general.http.HttpClient.isServerAlive(Unknown Source)
	at com.fr.design.mainframe.bbs.UserInfoLabel$1.run(Unknown Source)
	at java.lang.Thread.run(Unknown Source)
错误代码:1120 当前Hsql数据库已被另一线程锁定
com.fr.third.org.hsqldb.HsqlException: The database is already in use by another process: lockFile: com.fr.third.org.hsqldb.persist.LockFile@ff037fdd[file =C:\Program Files\apache-tomcat-6.0.37\webapps\xinjuReport\WEB-INF\finedb\db.lck, exists=true, locked=false, valid=false, ] method: checkHeartbeat read: 2016-05-05 22:39:53.707 heartbeat - read: -7868 ms.
	at com.fr.third.org.hsqldb.Trace.error(Trace.java:505)
	at com.fr.third.org.hsqldb.persist.LockFile.newLockFileLock(LockFile.java:642)
	at com.fr.third.org.hsqldb.persist.Logger.acquireLock(Logger.java:440)
	at com.fr.third.org.hsqldb.persist.Logger.openLog(Logger.java:118)
	at com.fr.third.org.hsqldb.Database.reopen(Database.java:309)
	at com.fr.third.org.hsqldb.Database.open(Database.java:268)
	at com.fr.third.org.hsqldb.DatabaseManager.getDatabase(DatabaseManager.java:226)
	at com.fr.third.org.hsqldb.DatabaseManager.newSession(DatabaseManager.java:148)
	at com.fr.third.org.hsqldb.jdbc.jdbcConnection.<init>(jdbcConnection.java:2412)
	at com.fr.third.org.hsqldb.jdbcDriver.getConnection(jdbcDriver.java:183)
	at com.fr.third.org.hsqldb.jdbcDriver.connect(jdbcDriver.java:161)
	at com.fr.third.org.apache.commons.dbcp.DriverConnectionFactory.createConnection(DriverConnectionFactory.java:38)
	at com.fr.third.org.apache.commons.dbcp.PoolableConnectionFactory.makeObject(PoolableConnectionFactory.java:582)
	at com.fr.third.org.apache.commons.dbcp.BasicDataSource.validateConnectionFactory(BasicDataSource.java:1556)
	at com.fr.third.org.apache.commons.dbcp.BasicDataSource.createPoolableConnectionFactory(BasicDataSource.java:1545)
	at com.fr.third.org.apache.commons.dbcp.BasicDataSource.createDataSource(BasicDataSource.java:1388)
	at com.fr.third.org.apache.commons.dbcp.BasicDataSource.getConnection(BasicDataSource.java:1044)
	at com.fr.data.pool.MemoryConnection.create(Unknown Source)
	at com.fr.data.impl.JDBCDatabaseConnection.createConnection(Unknown Source)
	at com.fr.data.core.db.DBUtils.getEmbeddedDB(Unknown Source)
	at com.fr.data.core.db.DBUtils.getEmbeddedDB(Unknown Source)
	at com.fr.web.core.db.FineDB.refreshDB(Unknown Source)
	at com.fr.web.core.db.FineDB.getDB(Unknown Source)
	at com.fr.web.core.db.PlatformDB.refreshDB(Unknown Source)
	at com.fr.web.core.db.PlatformDB.getDB(Unknown Source)
	at com.fr.schedule.SchedulePlate.waitForRun(Unknown Source)
	at com.fr.data.load.LazyExecutionManager.addJob(Unknown Source)
	at com.fr.data.load.LazyExecutionManager.addJob(Unknown Source)
	at com.fr.fs.AbstractFSPlate.initData(Unknown Source)
	at com.fr.schedule.SchedulePlate.initData(Unknown Source)
	at com.fr.fs.PlateFactory.startPlate(Unknown Source)
	at com.fr.fs.FSModule.startPlate(Unknown Source)
	at com.fr.fs.FSModule.init(Unknown Source)
	at com.fr.fs.FSModule.startFinish(Unknown Source)
	at com.fr.report.module.EngineModule.start(Unknown Source)
	at com.fr.general.ModuleContext.startModule(Unknown Source)
	at com.fr.web.BaseServlet.init(Unknown Source)
	at org.mortbay.jetty.servlet.ServletHolder.initServlet(ServletHolder.java:383)
	at org.mortbay.jetty.servlet.ServletHolder.start(ServletHolder.java:243)
	at org.mortbay.jetty.servlet.ServletHandler.initializeServlets(ServletHandler.java:446)
	at org.mortbay.jetty.servlet.WebApplicationHandler.initializeServlets(WebApplicationHandler.java:321)
	at org.mortbay.jetty.servlet.WebApplicationContext.doStart(WebApplicationContext.java:509)
	at org.mortbay.util.Container.start(Container.java:72)
	at com.fr.start.server.JettyHost.addAndStartWebApplication(Unknown Source)
	at com.fr.start.server.JettyHost.addAndStartLocalEnvHomeWebApp(Unknown Source)
	at com.fr.start.StartServer.browerURLWithLocalEnv(Unknown Source)
	at com.fr.design.utils.DesignUtils.visitEnvServerByParameters(Unknown Source)
	at com.fr.design.actions.file.WebPreviewUtils.browseUrl(Unknown Source)
	at com.fr.design.actions.file.WebPreviewUtils.actionPerformed(Unknown Source)
	at com.fr.design.mainframe.JWorkBook.previewMenuActionPerformed(Unknown Source)
	at com.fr.design.fun.impl.AbstractPreviewProvider.onClick(Unknown Source)
	at com.fr.design.mainframe.JWorkBook$3.actionPerformed(Unknown Source)
	at javax.swing.AbstractButton.fireActionPerformed(Unknown Source)
	at javax.swing.AbstractButton$Handler.actionPerformed(Unknown Source)
	at javax.swing.DefaultButtonModel.fireActionPerformed(Unknown Source)
	at javax.swing.DefaultButtonModel.setPressed(Unknown Source)
	at javax.swing.AbstractButton.doClick(Unknown Source)
	at javax.swing.plaf.basic.BasicMenuItemUI.doClick(Unknown Source)
	at javax.swing.plaf.basic.BasicMenuItemUI$Handler.mouseReleased(Unknown Source)
	at java.awt.Component.processMouseEvent(Unknown Source)
	at javax.swing.JComponent.processMouseEvent(Unknown Source)
	at java.awt.Component.processEvent(Unknown Source)
	at java.awt.Container.processEvent(Unknown Source)
	at java.awt.Component.dispatchEventImpl(Unknown Source)
	at java.awt.Container.dispatchEventImpl(Unknown Source)
	at java.awt.Component.dispatchEvent(Unknown Source)
	at java.awt.LightweightDispatcher.retargetMouseEvent(Unknown Source)
	at java.awt.LightweightDispatcher.processMouseEvent(Unknown Source)
	at java.awt.LightweightDispatcher.dispatchEvent(Unknown Source)
	at java.awt.Container.dispatchEventImpl(Unknown Source)
	at java.awt.Window.dispatchEventImpl(Unknown Source)
	at java.awt.Component.dispatchEvent(Unknown Source)
	at java.awt.EventQueue.dispatchEventImpl(Unknown Source)
	at java.awt.EventQueue.access$500(Unknown Source)
	at java.awt.EventQueue$3.run(Unknown Source)
	at java.awt.EventQueue$3.run(Unknown Source)
	at java.security.AccessController.doPrivileged(Native Method)
	at java.security.ProtectionDomain$1.doIntersectionPrivilege(Unknown Source)
	at java.security.ProtectionDomain$1.doIntersectionPrivilege(Unknown Source)
	at java.awt.EventQueue$4.run(Unknown Source)
	at java.awt.EventQueue$4.run(Unknown Source)
	at java.security.AccessController.doPrivileged(Native Method)
	at java.security.ProtectionDomain$1.doIntersectionPrivilege(Unknown Source)
	at java.awt.EventQueue.dispatchEvent(Unknown Source)
	at java.awt.EventDispatchThread.pumpOneEventForFilters(Unknown Source)
	at java.awt.EventDispatchThread.pumpEventsForFilter(Unknown Source)
	at java.awt.EventDispatchThread.pumpEventsForHierarchy(Unknown Source)
	at java.awt.EventDispatchThread.pumpEvents(Unknown Source)
	at java.awt.EventDispatchThread.pumpEvents(Unknown Source)
	at java.awt.EventDispatchThread.run(Unknown Source)
错误代码:1120 当前Hsql数据库已被另一线程锁定
com.fr.third.org.hsqldb.HsqlException: The database is already in use by another process: lockFile: com.fr.third.org.hsqldb.persist.LockFile@ff037fdd[file =C:\Program Files\apache-tomcat-6.0.37\webapps\xinjuReport\WEB-INF\finedb\db.lck, exists=true, locked=false, valid=false, ] method: checkHeartbeat read: 2016-05-05 22:40:04.079 heartbeat - read: -8240 ms.
	at com.fr.third.org.hsqldb.Trace.error(Trace.java:505)
	at com.fr.third.org.hsqldb.persist.LockFile.newLockFileLock(LockFile.java:642)
	at com.fr.third.org.hsqldb.persist.Logger.acquireLock(Logger.java:440)
	at com.fr.third.org.hsqldb.persist.Logger.openLog(Logger.java:118)
	at com.fr.third.org.hsqldb.Database.reopen(Database.java:309)
	at com.fr.third.org.hsqldb.Database.open(Database.java:268)
	at com.fr.third.org.hsqldb.DatabaseManager.getDatabase(DatabaseManager.java:226)
	at com.fr.third.org.hsqldb.DatabaseManager.newSession(DatabaseManager.java:148)
	at com.fr.third.org.hsqldb.jdbc.jdbcConnection.<init>(jdbcConnection.java:2412)
	at com.fr.third.org.hsqldb.jdbcDriver.getConnection(jdbcDriver.java:183)
	at com.fr.third.org.hsqldb.jdbcDriver.connect(jdbcDriver.java:161)
	at com.fr.third.org.apache.commons.dbcp.DriverConnectionFactory.createConnection(DriverConnectionFactory.java:38)
	at com.fr.third.org.apache.commons.dbcp.PoolableConnectionFactory.makeObject(PoolableConnectionFactory.java:582)
	at com.fr.third.org.apache.commons.dbcp.BasicDataSource.validateConnectionFactory(BasicDataSource.java:1556)
	at com.fr.third.org.apache.commons.dbcp.BasicDataSource.createPoolableConnectionFactory(BasicDataSource.java:1545)
	at com.fr.third.org.apache.commons.dbcp.BasicDataSource.createDataSource(BasicDataSource.java:1388)
	at com.fr.third.org.apache.commons.dbcp.BasicDataSource.getConnection(BasicDataSource.java:1044)
	at com.fr.data.pool.MemoryConnection.create(Unknown Source)
	at com.fr.data.impl.JDBCDatabaseConnection.createConnection(Unknown Source)
	at com.fr.data.core.db.DBUtils.getEmbeddedDB(Unknown Source)
	at com.fr.data.core.db.DBUtils.getEmbeddedDB(Unknown Source)
	at com.fr.web.core.db.FineDB.refreshDB(Unknown Source)
	at com.fr.web.core.db.FineDB.getDB(Unknown Source)
	at com.fr.web.core.db.PlatformDB.refreshDB(Unknown Source)
	at com.fr.web.core.db.PlatformDB.getDB(Unknown Source)
	at com.fr.fs.dao.properties.PlatformJDBCDataAccessObjectProperties.createDatabaseConnection(Unknown Source)
	at com.fr.data.dao.DAOManagerFactory.createJDBCDAOManager(Unknown Source)
	at com.fr.fs.dao.FSDAOManager.refreshManager(Unknown Source)
	at com.fr.fs.dao.FSDAOManager.getJDBCDAOManager(Unknown Source)
	at com.fr.fs.dao.FSDAOManager.createSession(Unknown Source)
	at com.fr.fs.dao.PlatformDataAccessObject.createSession(Unknown Source)
	at com.fr.fs.dao.EntryDAO.findAll(Unknown Source)
	at com.fr.fs.cache.EntryCache.initCacheTree(Unknown Source)
	at com.fr.fs.FSContext.initCache(Unknown Source)
	at com.fr.fs.FSContext.access$100(Unknown Source)
	at com.fr.fs.FSContext$2.waitForRun(Unknown Source)
	at com.fr.data.load.LazyExecutionManager.addJob(Unknown Source)
	at com.fr.data.load.LazyExecutionManager.addJob(Unknown Source)
	at com.fr.fs.FSContext.initData(Unknown Source)
	at com.fr.fs.FSModule.init(Unknown Source)
	at com.fr.fs.FSModule.startFinish(Unknown Source)
	at com.fr.report.module.EngineModule.start(Unknown Source)
	at com.fr.general.ModuleContext.startModule(Unknown Source)
	at com.fr.web.BaseServlet.init(Unknown Source)
	at org.mortbay.jetty.servlet.ServletHolder.initServlet(ServletHolder.java:383)
	at org.mortbay.jetty.servlet.ServletHolder.start(ServletHolder.java:243)
	at org.mortbay.jetty.servlet.ServletHandler.initializeServlets(ServletHandler.java:446)
	at org.mortbay.jetty.servlet.WebApplicationHandler.initializeServlets(WebApplicationHandler.java:321)
	at org.mortbay.jetty.servlet.WebApplicationContext.doStart(WebApplicationContext.java:509)
	at org.mortbay.util.Container.start(Container.java:72)
	at com.fr.start.server.JettyHost.addAndStartWebApplication(Unknown Source)
	at com.fr.start.server.JettyHost.addAndStartLocalEnvHomeWebApp(Unknown Source)
	at com.fr.start.StartServer.browerURLWithLocalEnv(Unknown Source)
	at com.fr.design.utils.DesignUtils.visitEnvServerByParameters(Unknown Source)
	at com.fr.design.actions.file.WebPreviewUtils.browseUrl(Unknown Source)
	at com.fr.design.actions.file.WebPreviewUtils.actionPerformed(Unknown Source)
	at com.fr.design.mainframe.JWorkBook.previewMenuActionPerformed(Unknown Source)
	at com.fr.design.fun.impl.AbstractPreviewProvider.onClick(Unknown Source)
	at com.fr.design.mainframe.JWorkBook$3.actionPerformed(Unknown Source)
	at javax.swing.AbstractButton.fireActionPerformed(Unknown Source)
	at javax.swing.AbstractButton$Handler.actionPerformed(Unknown Source)
	at javax.swing.DefaultButtonModel.fireActionPerformed(Unknown Source)
	at javax.swing.DefaultButtonModel.setPressed(Unknown Source)
	at javax.swing.AbstractButton.doClick(Unknown Source)
	at javax.swing.plaf.basic.BasicMenuItemUI.doClick(Unknown Source)
	at javax.swing.plaf.basic.BasicMenuItemUI$Handler.mouseReleased(Unknown Source)
	at java.awt.Component.processMouseEvent(Unknown Source)
	at javax.swing.JComponent.processMouseEvent(Unknown Source)
	at java.awt.Component.processEvent(Unknown Source)
	at java.awt.Container.processEvent(Unknown Source)
	at java.awt.Component.dispatchEventImpl(Unknown Source)
	at java.awt.Container.dispatchEventImpl(Unknown Source)
	at java.awt.Component.dispatchEvent(Unknown Source)
	at java.awt.LightweightDispatcher.retargetMouseEvent(Unknown Source)
	at java.awt.LightweightDispatcher.processMouseEvent(Unknown Source)
	at java.awt.LightweightDispatcher.dispatchEvent(Unknown Source)
	at java.awt.Container.dispatchEventImpl(Unknown Source)
	at java.awt.Window.dispatchEventImpl(Unknown Source)
	at java.awt.Component.dispatchEvent(Unknown Source)
	at java.awt.EventQueue.dispatchEventImpl(Unknown Source)
	at java.awt.EventQueue.access$500(Unknown Source)
	at java.awt.EventQueue$3.run(Unknown Source)
	at java.awt.EventQueue$3.run(Unknown Source)
	at java.security.AccessController.doPrivileged(Native Method)
	at java.security.ProtectionDomain$1.doIntersectionPrivilege(Unknown Source)
	at java.security.ProtectionDomain$1.doIntersectionPrivilege(Unknown Source)
	at java.awt.EventQueue$4.run(Unknown Source)
	at java.awt.EventQueue$4.run(Unknown Source)
	at java.security.AccessController.doPrivileged(Native Method)
	at java.security.ProtectionDomain$1.doIntersectionPrivilege(Unknown Source)
	at java.awt.EventQueue.dispatchEvent(Unknown Source)
	at java.awt.EventDispatchThread.pumpOneEventForFilters(Unknown Source)
	at java.awt.EventDispatchThread.pumpEventsForFilter(Unknown Source)
	at java.awt.EventDispatchThread.pumpEventsForHierarchy(Unknown Source)
	at java.awt.EventDispatchThread.pumpEvents(Unknown Source)
	at java.awt.EventDispatchThread.pumpEvents(Unknown Source)
	at java.awt.EventDispatchThread.run(Unknown Source)
错误代码:1120 当前Hsql数据库已被另一线程锁定
com.fr.third.org.hsqldb.HsqlException: The database is already in use by another process: lockFile: com.fr.third.org.hsqldb.persist.LockFile@ff037fdd[file =C:\Program Files\apache-tomcat-6.0.37\webapps\xinjuReport\WEB-INF\finedb\db.lck, exists=true, locked=false, valid=false, ] method: checkHeartbeat read: 2016-05-05 22:40:14.337 heartbeat - read: -8498 ms.
	at com.fr.third.org.hsqldb.Trace.error(Trace.java:505)
	at com.fr.third.org.hsqldb.persist.LockFile.newLockFileLock(LockFile.java:642)
	at com.fr.third.org.hsqldb.persist.Logger.acquireLock(Logger.java:440)
	at com.fr.third.org.hsqldb.persist.Logger.openLog(Logger.java:118)
	at com.fr.third.org.hsqldb.Database.reopen(Database.java:309)
	at com.fr.third.org.hsqldb.Database.open(Database.java:268)
	at com.fr.third.org.hsqldb.DatabaseManager.getDatabase(DatabaseManager.java:226)
	at com.fr.third.org.hsqldb.DatabaseManager.newSession(DatabaseManager.java:148)
	at com.fr.third.org.hsqldb.jdbc.jdbcConnection.<init>(jdbcConnection.java:2412)
	at com.fr.third.org.hsqldb.jdbcDriver.getConnection(jdbcDriver.java:183)
	at com.fr.third.org.hsqldb.jdbcDriver.connect(jdbcDriver.java:161)
	at com.fr.third.org.apache.commons.dbcp.DriverConnectionFactory.createConnection(DriverConnectionFactory.java:38)
	at com.fr.third.org.apache.commons.dbcp.PoolableConnectionFactory.makeObject(PoolableConnectionFactory.java:582)
	at com.fr.third.org.apache.commons.dbcp.BasicDataSource.validateConnectionFactory(BasicDataSource.java:1556)
	at com.fr.third.org.apache.commons.dbcp.BasicDataSource.createPoolableConnectionFactory(BasicDataSource.java:1545)
	at com.fr.third.org.apache.commons.dbcp.BasicDataSource.createDataSource(BasicDataSource.java:1388)
	at com.fr.third.org.apache.commons.dbcp.BasicDataSource.getConnection(BasicDataSource.java:1044)
	at com.fr.data.pool.MemoryConnection.create(Unknown Source)
	at com.fr.data.impl.JDBCDatabaseConnection.createConnection(Unknown Source)
	at com.fr.data.core.db.DBUtils.getEmbeddedDB(Unknown Source)
	at com.fr.data.core.db.DBUtils.getEmbeddedDB(Unknown Source)
	at com.fr.web.core.db.FineDB.refreshDB(Unknown Source)
	at com.fr.web.core.db.FineDB.getDB(Unknown Source)
	at com.fr.web.core.db.PlatformDB.refreshDB(Unknown Source)
	at com.fr.web.core.db.PlatformDB.getDB(Unknown Source)
	at com.fr.fs.dao.properties.PlatformJDBCDataAccessObjectProperties.createDatabaseConnection(Unknown Source)
	at com.fr.data.dao.DAOManagerFactory.createJDBCDAOManager(Unknown Source)
	at com.fr.fs.dao.FSDAOManager.refreshManager(Unknown Source)
	at com.fr.fs.dao.FSDAOManager.getJDBCDAOManager(Unknown Source)
	at com.fr.fs.dao.FSDAOManager.createSession(Unknown Source)
	at com.fr.fs.dao.PlatformDataAccessObject.createSession(Unknown Source)
	at com.fr.fs.control.dao.hsqldb.HSQLCustomRoleDAO.findAll(Unknown Source)
	at com.fr.fs.cache.CustomRoleCache.initCache(Unknown Source)
	at com.fr.fs.FSContext.initCache(Unknown Source)
	at com.fr.fs.FSContext.access$100(Unknown Source)
	at com.fr.fs.FSContext$2.waitForRun(Unknown Source)
	at com.fr.data.load.LazyExecutionManager.addJob(Unknown Source)
	at com.fr.data.load.LazyExecutionManager.addJob(Unknown Source)
	at com.fr.fs.FSContext.initData(Unknown Source)
	at com.fr.fs.FSModule.init(Unknown Source)
	at com.fr.fs.FSModule.startFinish(Unknown Source)
	at com.fr.report.module.EngineModule.start(Unknown Source)
	at com.fr.general.ModuleContext.startModule(Unknown Source)
	at com.fr.web.BaseServlet.init(Unknown Source)
	at org.mortbay.jetty.servlet.ServletHolder.initServlet(ServletHolder.java:383)
	at org.mortbay.jetty.servlet.ServletHolder.start(ServletHolder.java:243)
	at org.mortbay.jetty.servlet.ServletHandler.initializeServlets(ServletHandler.java:446)
	at org.mortbay.jetty.servlet.WebApplicationHandler.initializeServlets(WebApplicationHandler.java:321)
	at org.mortbay.jetty.servlet.WebApplicationContext.doStart(WebApplicationContext.java:509)
	at org.mortbay.util.Container.start(Container.java:72)
	at com.fr.start.server.JettyHost.addAndStartWebApplication(Unknown Source)
	at com.fr.start.server.JettyHost.addAndStartLocalEnvHomeWebApp(Unknown Source)
	at com.fr.start.StartServer.browerURLWithLocalEnv(Unknown Source)
	at com.fr.design.utils.DesignUtils.visitEnvServerByParameters(Unknown Source)
	at com.fr.design.actions.file.WebPreviewUtils.browseUrl(Unknown Source)
	at com.fr.design.actions.file.WebPreviewUtils.actionPerformed(Unknown Source)
	at com.fr.design.mainframe.JWorkBook.previewMenuActionPerformed(Unknown Source)
	at com.fr.design.fun.impl.AbstractPreviewProvider.onClick(Unknown Source)
	at com.fr.design.mainframe.JWorkBook$3.actionPerformed(Unknown Source)
	at javax.swing.AbstractButton.fireActionPerformed(Unknown Source)
	at javax.swing.AbstractButton$Handler.actionPerformed(Unknown Source)
	at javax.swing.DefaultButtonModel.fireActionPerformed(Unknown Source)
	at javax.swing.DefaultButtonModel.setPressed(Unknown Source)
	at javax.swing.AbstractButton.doClick(Unknown Source)
	at javax.swing.plaf.basic.BasicMenuItemUI.doClick(Unknown Source)
	at javax.swing.plaf.basic.BasicMenuItemUI$Handler.mouseReleased(Unknown Source)
	at java.awt.Component.processMouseEvent(Unknown Source)
	at javax.swing.JComponent.processMouseEvent(Unknown Source)
	at java.awt.Component.processEvent(Unknown Source)
	at java.awt.Container.processEvent(Unknown Source)
	at java.awt.Component.dispatchEventImpl(Unknown Source)
	at java.awt.Container.dispatchEventImpl(Unknown Source)
	at java.awt.Component.dispatchEvent(Unknown Source)
	at java.awt.LightweightDispatcher.retargetMouseEvent(Unknown Source)
	at java.awt.LightweightDispatcher.processMouseEvent(Unknown Source)
	at java.awt.LightweightDispatcher.dispatchEvent(Unknown Source)
	at java.awt.Container.dispatchEventImpl(Unknown Source)
	at java.awt.Window.dispatchEventImpl(Unknown Source)
	at java.awt.Component.dispatchEvent(Unknown Source)
	at java.awt.EventQueue.dispatchEventImpl(Unknown Source)
	at java.awt.EventQueue.access$500(Unknown Source)
	at java.awt.EventQueue$3.run(Unknown Source)
	at java.awt.EventQueue$3.run(Unknown Source)
	at java.security.AccessController.doPrivileged(Native Method)
	at java.security.ProtectionDomain$1.doIntersectionPrivilege(Unknown Source)
	at java.security.ProtectionDomain$1.doIntersectionPrivilege(Unknown Source)
	at java.awt.EventQueue$4.run(Unknown Source)
	at java.awt.EventQueue$4.run(Unknown Source)
	at java.security.AccessController.doPrivileged(Native Method)
	at java.security.ProtectionDomain$1.doIntersectionPrivilege(Unknown Source)
	at java.awt.EventQueue.dispatchEvent(Unknown Source)
	at java.awt.EventDispatchThread.pumpOneEventForFilters(Unknown Source)
	at java.awt.EventDispatchThread.pumpEventsForFilter(Unknown Source)
	at java.awt.EventDispatchThread.pumpEventsForHierarchy(Unknown Source)
	at java.awt.EventDispatchThread.pumpEvents(Unknown Source)
	at java.awt.EventDispatchThread.pumpEvents(Unknown Source)
	at java.awt.EventDispatchThread.run(Unknown Source)
错误代码:1120 当前Hsql数据库已被另一线程锁定
com.fr.third.org.hsqldb.HsqlException: The database is already in use by another process: lockFile: com.fr.third.org.hsqldb.persist.LockFile@ff037fdd[file =C:\Program Files\apache-tomcat-6.0.37\webapps\xinjuReport\WEB-INF\finedb\db.lck, exists=true, locked=false, valid=false, ] method: checkHeartbeat read: 2016-05-05 22:40:24.634 heartbeat - read: -8795 ms.
	at com.fr.third.org.hsqldb.Trace.error(Trace.java:505)
	at com.fr.third.org.hsqldb.persist.LockFile.newLockFileLock(LockFile.java:642)
	at com.fr.third.org.hsqldb.persist.Logger.acquireLock(Logger.java:440)
	at com.fr.third.org.hsqldb.persist.Logger.openLog(Logger.java:118)
	at com.fr.third.org.hsqldb.Database.reopen(Database.java:309)
	at com.fr.third.org.hsqldb.Database.open(Database.java:268)
	at com.fr.third.org.hsqldb.DatabaseManager.getDatabase(DatabaseManager.java:226)
	at com.fr.third.org.hsqldb.DatabaseManager.newSession(DatabaseManager.java:148)
	at com.fr.third.org.hsqldb.jdbc.jdbcConnection.<init>(jdbcConnection.java:2412)
	at com.fr.third.org.hsqldb.jdbcDriver.getConnection(jdbcDriver.java:183)
	at com.fr.third.org.hsqldb.jdbcDriver.connect(jdbcDriver.java:161)
	at com.fr.third.org.apache.commons.dbcp.DriverConnectionFactory.createConnection(DriverConnectionFactory.java:38)
	at com.fr.third.org.apache.commons.dbcp.PoolableConnectionFactory.makeObject(PoolableConnectionFactory.java:582)
	at com.fr.third.org.apache.commons.dbcp.BasicDataSource.validateConnectionFactory(BasicDataSource.java:1556)
	at com.fr.third.org.apache.commons.dbcp.BasicDataSource.createPoolableConnectionFactory(BasicDataSource.java:1545)
	at com.fr.third.org.apache.commons.dbcp.BasicDataSource.createDataSource(BasicDataSource.java:1388)
	at com.fr.third.org.apache.commons.dbcp.BasicDataSource.getConnection(BasicDataSource.java:1044)
	at com.fr.data.pool.MemoryConnection.create(Unknown Source)
	at com.fr.data.impl.JDBCDatabaseConnection.createConnection(Unknown Source)
	at com.fr.data.core.db.DBUtils.getEmbeddedDB(Unknown Source)
	at com.fr.data.core.db.DBUtils.getEmbeddedDB(Unknown Source)
	at com.fr.web.core.db.FineDB.refreshDB(Unknown Source)
	at com.fr.web.core.db.FineDB.getDB(Unknown Source)
	at com.fr.web.core.db.PlatformDB.refreshDB(Unknown Source)
	at com.fr.web.core.db.PlatformDB.getDB(Unknown Source)
	at com.fr.fs.dao.properties.PlatformJDBCDataAccessObjectProperties.createDatabaseConnection(Unknown Source)
	at com.fr.data.dao.DAOManagerFactory.createJDBCDAOManager(Unknown Source)
	at com.fr.fs.dao.FSDAOManager.refreshManager(Unknown Source)
	at com.fr.fs.dao.FSDAOManager.getJDBCDAOManager(Unknown Source)
	at com.fr.fs.dao.FSDAOManager.createSession(Unknown Source)
	at com.fr.fs.dao.PlatformDataAccessObject.createSession(Unknown Source)
	at com.fr.fs.control.dao.hsqldb.HSQLCompanyRoleDAO.findAll(Unknown Source)
	at com.fr.fs.cache.CompanyRoleCache.initCache(Unknown Source)
	at com.fr.fs.FSContext.initCache(Unknown Source)
	at com.fr.fs.FSContext.access$100(Unknown Source)
	at com.fr.fs.FSContext$2.waitForRun(Unknown Source)
	at com.fr.data.load.LazyExecutionManager.addJob(Unknown Source)
	at com.fr.data.load.LazyExecutionManager.addJob(Unknown Source)
	at com.fr.fs.FSContext.initData(Unknown Source)
	at com.fr.fs.FSModule.init(Unknown Source)
	at com.fr.fs.FSModule.startFinish(Unknown Source)
	at com.fr.report.module.EngineModule.start(Unknown Source)
	at com.fr.general.ModuleContext.startModule(Unknown Source)
	at com.fr.web.BaseServlet.init(Unknown Source)
	at org.mortbay.jetty.servlet.ServletHolder.initServlet(ServletHolder.java:383)
	at org.mortbay.jetty.servlet.ServletHolder.start(ServletHolder.java:243)
	at org.mortbay.jetty.servlet.ServletHandler.initializeServlets(ServletHandler.java:446)
	at org.mortbay.jetty.servlet.WebApplicationHandler.initializeServlets(WebApplicationHandler.java:321)
	at org.mortbay.jetty.servlet.WebApplicationContext.doStart(WebApplicationContext.java:509)
	at org.mortbay.util.Container.start(Container.java:72)
	at com.fr.start.server.JettyHost.addAndStartWebApplication(Unknown Source)
	at com.fr.start.server.JettyHost.addAndStartLocalEnvHomeWebApp(Unknown Source)
	at com.fr.start.StartServer.browerURLWithLocalEnv(Unknown Source)
	at com.fr.design.utils.DesignUtils.visitEnvServerByParameters(Unknown Source)
	at com.fr.design.actions.file.WebPreviewUtils.browseUrl(Unknown Source)
	at com.fr.design.actions.file.WebPreviewUtils.actionPerformed(Unknown Source)
	at com.fr.design.mainframe.JWorkBook.previewMenuActionPerformed(Unknown Source)
	at com.fr.design.fun.impl.AbstractPreviewProvider.onClick(Unknown Source)
	at com.fr.design.mainframe.JWorkBook$3.actionPerformed(Unknown Source)
	at javax.swing.AbstractButton.fireActionPerformed(Unknown Source)
	at javax.swing.AbstractButton$Handler.actionPerformed(Unknown Source)
	at javax.swing.DefaultButtonModel.fireActionPerformed(Unknown Source)
	at javax.swing.DefaultButtonModel.setPressed(Unknown Source)
	at javax.swing.AbstractButton.doClick(Unknown Source)
	at javax.swing.plaf.basic.BasicMenuItemUI.doClick(Unknown Source)
	at javax.swing.plaf.basic.BasicMenuItemUI$Handler.mouseReleased(Unknown Source)
	at java.awt.Component.processMouseEvent(Unknown Source)
	at javax.swing.JComponent.processMouseEvent(Unknown Source)
	at java.awt.Component.processEvent(Unknown Source)
	at java.awt.Container.processEvent(Unknown Source)
	at java.awt.Component.dispatchEventImpl(Unknown Source)
	at java.awt.Container.dispatchEventImpl(Unknown Source)
	at java.awt.Component.dispatchEvent(Unknown Source)
	at java.awt.LightweightDispatcher.retargetMouseEvent(Unknown Source)
	at java.awt.LightweightDispatcher.processMouseEvent(Unknown Source)
	at java.awt.LightweightDispatcher.dispatchEvent(Unknown Source)
	at java.awt.Container.dispatchEventImpl(Unknown Source)
	at java.awt.Window.dispatchEventImpl(Unknown Source)
	at java.awt.Component.dispatchEvent(Unknown Source)
	at java.awt.EventQueue.dispatchEventImpl(Unknown Source)
	at java.awt.EventQueue.access$500(Unknown Source)
	at java.awt.EventQueue$3.run(Unknown Source)
	at java.awt.EventQueue$3.run(Unknown Source)
	at java.security.AccessController.doPrivileged(Native Method)
	at java.security.ProtectionDomain$1.doIntersectionPrivilege(Unknown Source)
	at java.security.ProtectionDomain$1.doIntersectionPrivilege(Unknown Source)
	at java.awt.EventQueue$4.run(Unknown Source)
	at java.awt.EventQueue$4.run(Unknown Source)
	at java.security.AccessController.doPrivileged(Native Method)
	at java.security.ProtectionDomain$1.doIntersectionPrivilege(Unknown Source)
	at java.awt.EventQueue.dispatchEvent(Unknown Source)
	at java.awt.EventDispatchThread.pumpOneEventForFilters(Unknown Source)
	at java.awt.EventDispatchThread.pumpEventsForFilter(Unknown Source)
	at java.awt.EventDispatchThread.pumpEventsForHierarchy(Unknown Source)
	at java.awt.EventDispatchThread.pumpEvents(Unknown Source)
	at java.awt.EventDispatchThread.pumpEvents(Unknown Source)
	at java.awt.EventDispatchThread.run(Unknown Source)
错误代码:1120 当前Hsql数据库已被另一线程锁定
com.fr.third.org.hsqldb.HsqlException: The database is already in use by another process: lockFile: com.fr.third.org.hsqldb.persist.LockFile@ff037fdd[file =C:\Program Files\apache-tomcat-6.0.37\webapps\xinjuReport\WEB-INF\finedb\db.lck, exists=true, locked=false, valid=false, ] method: checkHeartbeat read: 2016-05-05 22:40:34.940 heartbeat - read: -9100 ms.
	at com.fr.third.org.hsqldb.Trace.error(Trace.java:505)
	at com.fr.third.org.hsqldb.persist.LockFile.newLockFileLock(LockFile.java:642)
	at com.fr.third.org.hsqldb.persist.Logger.acquireLock(Logger.java:440)
	at com.fr.third.org.hsqldb.persist.Logger.openLog(Logger.java:118)
	at com.fr.third.org.hsqldb.Database.reopen(Database.java:309)
	at com.fr.third.org.hsqldb.Database.open(Database.java:268)
	at com.fr.third.org.hsqldb.DatabaseManager.getDatabase(DatabaseManager.java:226)
	at com.fr.third.org.hsqldb.DatabaseManager.newSession(DatabaseManager.java:148)
	at com.fr.third.org.hsqldb.jdbc.jdbcConnection.<init>(jdbcConnection.java:2412)
	at com.fr.third.org.hsqldb.jdbcDriver.getConnection(jdbcDriver.java:183)
	at com.fr.third.org.hsqldb.jdbcDriver.connect(jdbcDriver.java:161)
	at com.fr.third.org.apache.commons.dbcp.DriverConnectionFactory.createConnection(DriverConnectionFactory.java:38)
	at com.fr.third.org.apache.commons.dbcp.PoolableConnectionFactory.makeObject(PoolableConnectionFactory.java:582)
	at com.fr.third.org.apache.commons.dbcp.BasicDataSource.validateConnectionFactory(BasicDataSource.java:1556)
	at com.fr.third.org.apache.commons.dbcp.BasicDataSource.createPoolableConnectionFactory(BasicDataSource.java:1545)
	at com.fr.third.org.apache.commons.dbcp.BasicDataSource.createDataSource(BasicDataSource.java:1388)
	at com.fr.third.org.apache.commons.dbcp.BasicDataSource.getConnection(BasicDataSource.java:1044)
	at com.fr.data.pool.MemoryConnection.create(Unknown Source)
	at com.fr.data.impl.JDBCDatabaseConnection.createConnection(Unknown Source)
	at com.fr.data.core.db.DBUtils.getEmbeddedDB(Unknown Source)
	at com.fr.data.core.db.DBUtils.getEmbeddedDB(Unknown Source)
	at com.fr.web.core.db.FineDB.refreshDB(Unknown Source)
	at com.fr.web.core.db.FineDB.getDB(Unknown Source)
	at com.fr.web.core.db.PlatformDB.refreshDB(Unknown Source)
	at com.fr.web.core.db.PlatformDB.getDB(Unknown Source)
	at com.fr.fs.dao.properties.PlatformJDBCDataAccessObjectProperties.createDatabaseConnection(Unknown Source)
	at com.fr.data.dao.DAOManagerFactory.createJDBCDAOManager(Unknown Source)
	at com.fr.fs.dao.FSDAOManager.refreshManager(Unknown Source)
	at com.fr.fs.dao.FSDAOManager.getJDBCDAOManager(Unknown Source)
	at com.fr.fs.dao.FSDAOManager.createSession(Unknown Source)
	at com.fr.fs.dao.PlatformDataAccessObject.createSession(Unknown Source)
	at com.fr.fs.control.dao.hsqldb.HSQLDepartmentDAO.findAll(Unknown Source)
	at com.fr.fs.cache.DepartmentCache.initCacheTree(Unknown Source)
	at com.fr.fs.FSContext.initCache(Unknown Source)
	at com.fr.fs.FSContext.access$100(Unknown Source)
	at com.fr.fs.FSContext$2.waitForRun(Unknown Source)
	at com.fr.data.load.LazyExecutionManager.addJob(Unknown Source)
	at com.fr.data.load.LazyExecutionManager.addJob(Unknown Source)
	at com.fr.fs.FSContext.initData(Unknown Source)
	at com.fr.fs.FSModule.init(Unknown Source)
	at com.fr.fs.FSModule.startFinish(Unknown Source)
	at com.fr.report.module.EngineModule.start(Unknown Source)
	at com.fr.general.ModuleContext.startModule(Unknown Source)
	at com.fr.web.BaseServlet.init(Unknown Source)
	at org.mortbay.jetty.servlet.ServletHolder.initServlet(ServletHolder.java:383)
	at org.mortbay.jetty.servlet.ServletHolder.start(ServletHolder.java:243)
	at org.mortbay.jetty.servlet.ServletHandler.initializeServlets(ServletHandler.java:446)
	at org.mortbay.jetty.servlet.WebApplicationHandler.initializeServlets(WebApplicationHandler.java:321)
	at org.mortbay.jetty.servlet.WebApplicationContext.doStart(WebApplicationContext.java:509)
	at org.mortbay.util.Container.start(Container.java:72)
	at com.fr.start.server.JettyHost.addAndStartWebApplication(Unknown Source)
	at com.fr.start.server.JettyHost.addAndStartLocalEnvHomeWebApp(Unknown Source)
	at com.fr.start.StartServer.browerURLWithLocalEnv(Unknown Source)
	at com.fr.design.utils.DesignUtils.visitEnvServerByParameters(Unknown Source)
	at com.fr.design.actions.file.WebPreviewUtils.browseUrl(Unknown Source)
	at com.fr.design.actions.file.WebPreviewUtils.actionPerformed(Unknown Source)
	at com.fr.design.mainframe.JWorkBook.previewMenuActionPerformed(Unknown Source)
	at com.fr.design.fun.impl.AbstractPreviewProvider.onClick(Unknown Source)
	at com.fr.design.mainframe.JWorkBook$3.actionPerformed(Unknown Source)
	at javax.swing.AbstractButton.fireActionPerformed(Unknown Source)
	at javax.swing.AbstractButton$Handler.actionPerformed(Unknown Source)
	at javax.swing.DefaultButtonModel.fireActionPerformed(Unknown Source)
	at javax.swing.DefaultButtonModel.setPressed(Unknown Source)
	at javax.swing.AbstractButton.doClick(Unknown Source)
	at javax.swing.plaf.basic.BasicMenuItemUI.doClick(Unknown Source)
	at javax.swing.plaf.basic.BasicMenuItemUI$Handler.mouseReleased(Unknown Source)
	at java.awt.Component.processMouseEvent(Unknown Source)
	at javax.swing.JComponent.processMouseEvent(Unknown Source)
	at java.awt.Component.processEvent(Unknown Source)
	at java.awt.Container.processEvent(Unknown Source)
	at java.awt.Component.dispatchEventImpl(Unknown Source)
	at java.awt.Container.dispatchEventImpl(Unknown Source)
	at java.awt.Component.dispatchEvent(Unknown Source)
	at java.awt.LightweightDispatcher.retargetMouseEvent(Unknown Source)
	at java.awt.LightweightDispatcher.processMouseEvent(Unknown Source)
	at java.awt.LightweightDispatcher.dispatchEvent(Unknown Source)
	at java.awt.Container.dispatchEventImpl(Unknown Source)
	at java.awt.Window.dispatchEventImpl(Unknown Source)
	at java.awt.Component.dispatchEvent(Unknown Source)
	at java.awt.EventQueue.dispatchEventImpl(Unknown Source)
	at java.awt.EventQueue.access$500(Unknown Source)
	at java.awt.EventQueue$3.run(Unknown Source)
	at java.awt.EventQueue$3.run(Unknown Source)
	at java.security.AccessController.doPrivileged(Native Method)
	at java.security.ProtectionDomain$1.doIntersectionPrivilege(Unknown Source)
	at java.security.ProtectionDomain$1.doIntersectionPrivilege(Unknown Source)
	at java.awt.EventQueue$4.run(Unknown Source)
	at java.awt.EventQueue$4.run(Unknown Source)
	at java.security.AccessController.doPrivileged(Native Method)
	at java.security.ProtectionDomain$1.doIntersectionPrivilege(Unknown Source)
	at java.awt.EventQueue.dispatchEvent(Unknown Source)
	at java.awt.EventDispatchThread.pumpOneEventForFilters(Unknown Source)
	at java.awt.EventDispatchThread.pumpEventsForFilter(Unknown Source)
	at java.awt.EventDispatchThread.pumpEventsForHierarchy(Unknown Source)
	at java.awt.EventDispatchThread.pumpEvents(Unknown Source)
	at java.awt.EventDispatchThread.pumpEvents(Unknown Source)
	at java.awt.EventDispatchThread.run(Unknown Source)
错误代码:1120 当前Hsql数据库已被另一线程锁定
com.fr.third.org.hsqldb.HsqlException: The database is already in use by another process: lockFile: com.fr.third.org.hsqldb.persist.LockFile@ff037fdd[file =C:\Program Files\apache-tomcat-6.0.37\webapps\xinjuReport\WEB-INF\finedb\db.lck, exists=true, locked=false, valid=false, ] method: checkHeartbeat read: 2016-05-05 22:40:45.221 heartbeat - read: -9382 ms.
	at com.fr.third.org.hsqldb.Trace.error(Trace.java:505)
	at com.fr.third.org.hsqldb.persist.LockFile.newLockFileLock(LockFile.java:642)
	at com.fr.third.org.hsqldb.persist.Logger.acquireLock(Logger.java:440)
	at com.fr.third.org.hsqldb.persist.Logger.openLog(Logger.java:118)
	at com.fr.third.org.hsqldb.Database.reopen(Database.java:309)
	at com.fr.third.org.hsqldb.Database.open(Database.java:268)
	at com.fr.third.org.hsqldb.DatabaseManager.getDatabase(DatabaseManager.java:226)
	at com.fr.third.org.hsqldb.DatabaseManager.newSession(DatabaseManager.java:148)
	at com.fr.third.org.hsqldb.jdbc.jdbcConnection.<init>(jdbcConnection.java:2412)
	at com.fr.third.org.hsqldb.jdbcDriver.getConnection(jdbcDriver.java:183)
	at com.fr.third.org.hsqldb.jdbcDriver.connect(jdbcDriver.java:161)
	at com.fr.third.org.apache.commons.dbcp.DriverConnectionFactory.createConnection(DriverConnectionFactory.java:38)
	at com.fr.third.org.apache.commons.dbcp.PoolableConnectionFactory.makeObject(PoolableConnectionFactory.java:582)
	at com.fr.third.org.apache.commons.dbcp.BasicDataSource.validateConnectionFactory(BasicDataSource.java:1556)
	at com.fr.third.org.apache.commons.dbcp.BasicDataSource.createPoolableConnectionFactory(BasicDataSource.java:1545)
	at com.fr.third.org.apache.commons.dbcp.BasicDataSource.createDataSource(BasicDataSource.java:1388)
	at com.fr.third.org.apache.commons.dbcp.BasicDataSource.getConnection(BasicDataSource.java:1044)
	at com.fr.data.pool.MemoryConnection.create(Unknown Source)
	at com.fr.data.impl.JDBCDatabaseConnection.createConnection(Unknown Source)
	at com.fr.data.core.db.DBUtils.getEmbeddedDB(Unknown Source)
	at com.fr.data.core.db.DBUtils.getEmbeddedDB(Unknown Source)
	at com.fr.web.core.db.FineDB.refreshDB(Unknown Source)
	at com.fr.web.core.db.FineDB.getDB(Unknown Source)
	at com.fr.web.core.db.PlatformDB.refreshDB(Unknown Source)
	at com.fr.web.core.db.PlatformDB.getDB(Unknown Source)
	at com.fr.fs.dao.properties.PlatformJDBCDataAccessObjectProperties.createDatabaseConnection(Unknown Source)
	at com.fr.data.dao.DAOManagerFactory.createJDBCDAOManager(Unknown Source)
	at com.fr.fs.dao.FSDAOManager.refreshManager(Unknown Source)
	at com.fr.fs.dao.FSDAOManager.getJDBCDAOManager(Unknown Source)
	at com.fr.fs.dao.FSDAOManager.createSession(Unknown Source)
	at com.fr.fs.dao.PlatformDataAccessObject.createSession(Unknown Source)
	at com.fr.fs.dao.PlatformManageModuleDataAccessObject.findAll(Unknown Source)
	at com.fr.fs.cache.ModuleCache.initCacheTree(Unknown Source)
	at com.fr.fs.FSContext.initCache(Unknown Source)
	at com.fr.fs.FSContext.access$100(Unknown Source)
	at com.fr.fs.FSContext$2.waitForRun(Unknown Source)
	at com.fr.data.load.LazyExecutionManager.addJob(Unknown Source)
	at com.fr.data.load.LazyExecutionManager.addJob(Unknown Source)
	at com.fr.fs.FSContext.initData(Unknown Source)
	at com.fr.fs.FSModule.init(Unknown Source)
	at com.fr.fs.FSModule.startFinish(Unknown Source)
	at com.fr.report.module.EngineModule.start(Unknown Source)
	at com.fr.general.ModuleContext.startModule(Unknown Source)
	at com.fr.web.BaseServlet.init(Unknown Source)
	at org.mortbay.jetty.servlet.ServletHolder.initServlet(ServletHolder.java:383)
	at org.mortbay.jetty.servlet.ServletHolder.start(ServletHolder.java:243)
	at org.mortbay.jetty.servlet.ServletHandler.initializeServlets(ServletHandler.java:446)
	at org.mortbay.jetty.servlet.WebApplicationHandler.initializeServlets(WebApplicationHandler.java:321)
	at org.mortbay.jetty.servlet.WebApplicationContext.doStart(WebApplicationContext.java:509)
	at org.mortbay.util.Container.start(Container.java:72)
	at com.fr.start.server.JettyHost.addAndStartWebApplication(Unknown Source)
	at com.fr.start.server.JettyHost.addAndStartLocalEnvHomeWebApp(Unknown Source)
	at com.fr.start.StartServer.browerURLWithLocalEnv(Unknown Source)
	at com.fr.design.utils.DesignUtils.visitEnvServerByParameters(Unknown Source)
	at com.fr.design.actions.file.WebPreviewUtils.browseUrl(Unknown Source)
	at com.fr.design.actions.file.WebPreviewUtils.actionPerformed(Unknown Source)
	at com.fr.design.mainframe.JWorkBook.previewMenuActionPerformed(Unknown Source)
	at com.fr.design.fun.impl.AbstractPreviewProvider.onClick(Unknown Source)
	at com.fr.design.mainframe.JWorkBook$3.actionPerformed(Unknown Source)
	at javax.swing.AbstractButton.fireActionPerformed(Unknown Source)
	at javax.swing.AbstractButton$Handler.actionPerformed(Unknown Source)
	at javax.swing.DefaultButtonModel.fireActionPerformed(Unknown Source)
	at javax.swing.DefaultButtonModel.setPressed(Unknown Source)
	at javax.swing.AbstractButton.doClick(Unknown Source)
	at javax.swing.plaf.basic.BasicMenuItemUI.doClick(Unknown Source)
	at javax.swing.plaf.basic.BasicMenuItemUI$Handler.mouseReleased(Unknown Source)
	at java.awt.Component.processMouseEvent(Unknown Source)
	at javax.swing.JComponent.processMouseEvent(Unknown Source)
	at java.awt.Component.processEvent(Unknown Source)
	at java.awt.Container.processEvent(Unknown Source)
	at java.awt.Component.dispatchEventImpl(Unknown Source)
	at java.awt.Container.dispatchEventImpl(Unknown Source)
	at java.awt.Component.dispatchEvent(Unknown Source)
	at java.awt.LightweightDispatcher.retargetMouseEvent(Unknown Source)
	at java.awt.LightweightDispatcher.processMouseEvent(Unknown Source)
	at java.awt.LightweightDispatcher.dispatchEvent(Unknown Source)
	at java.awt.Container.dispatchEventImpl(Unknown Source)
	at java.awt.Window.dispatchEventImpl(Unknown Source)
	at java.awt.Component.dispatchEvent(Unknown Source)
	at java.awt.EventQueue.dispatchEventImpl(Unknown Source)
	at java.awt.EventQueue.access$500(Unknown Source)
	at java.awt.EventQueue$3.run(Unknown Source)
	at java.awt.EventQueue$3.run(Unknown Source)
	at java.security.AccessController.doPrivileged(Native Method)
	at java.security.ProtectionDomain$1.doIntersectionPrivilege(Unknown Source)
	at java.security.ProtectionDomain$1.doIntersectionPrivilege(Unknown Source)
	at java.awt.EventQueue$4.run(Unknown Source)
	at java.awt.EventQueue$4.run(Unknown Source)
	at java.security.AccessController.doPrivileged(Native Method)
	at java.security.ProtectionDomain$1.doIntersectionPrivilege(Unknown Source)
	at java.awt.EventQueue.dispatchEvent(Unknown Source)
	at java.awt.EventDispatchThread.pumpOneEventForFilters(Unknown Source)
	at java.awt.EventDispatchThread.pumpEventsForFilter(Unknown Source)
	at java.awt.EventDispatchThread.pumpEventsForHierarchy(Unknown Source)
	at java.awt.EventDispatchThread.pumpEvents(Unknown Source)
	at java.awt.EventDispatchThread.pumpEvents(Unknown Source)
	at java.awt.EventDispatchThread.run(Unknown Source)
